Name: CCTV-1, URL: http://[2409:8087:1a01:df::4077]:80/ottrrs.hl.chinamobile.com/PLTV/88888888/224/3221226016/index.m3u8$订阅源, Date: None, Resolution: None, Response Time: 2480 ms
Name: CCTV-1, URL: http://[2409:8087:1a01:df::4077]:80/ottrrs.hl.chinamobile.com/PLTV/88888888/224/3221226016/1.m3u8$订阅源, Date: None, Resolution: None, Response Time: 2480 ms
Name: CCTV-2, URL: http://[2409:8087:1a01:df::4077]:80/ottrrs.hl.chinamobile.com/PLTV/88888888/8/3221225588/index.m3u8$订阅源, Date: None, Resolution: None, Response Time: 2480 ms
Name: CCTV-2, URL: http://[2409:8087:1a01:df::4077]:80/ottrrs.hl.chinamobile.com/yinhe/88888888/8/3221225588/index.m3u8$订阅源, Date: None, Resolution: None, Response Time: 2480 ms
Name: CCTV-3, URL: http://[2409:8087:1a01:df::4077]:80/PLTV/88888888/224/3221225799/index.m3u8$订阅源, Date: None, Resolution: None, Response Time: 2480 ms
Name: CCTV-3, URL: http://[2409:8087:1a01:df::4077]:80/ottrrs.hl.chinamobile.com/PLTV/88888888/224/3221226021/index.m3u8$订阅源, Date: None, Resolution: None, Response Time: 2480 ms
Name: CCTV-3, URL: http://[2409:8087:1a01:df::4077]:80/ottrrs.hl.chinamobile.com/PLTV/88888888/8/3221226021/index.m3u8$订阅源, Date: None, Resolution: None, Response Time: 2480 ms
Name: CCTV-3, URL: http://[2409:8087:1a01:df::4077]:80/ottrrs.hl.chinamobile.com/yinhe/88888888/224/3221226021/index.m3u8$订阅源, Date: None, Resolution: None, Response Time: 2480 ms
Name: CCTV-4, URL: http://[2409:8087:1a01:df::4077]:80/ottrrs.hl.chinamobile.com/PLTV/88888888/8/3221226007/index.m3u8$订阅源, Date: None, Resolution: None, Response Time: 2480 ms
Name: CCTV-4, URL: http://[2409:8087:1a01:df::4077]:80/ottrrs.hl.chinamobile.com/yinhe/88888888/8/3221226007/index.m3u8$订阅源, Date: None, Resolution: None, Response Time: 2480 ms
Name: CCTV-5, URL: http://[2409:8087:1a01:df::4077]:80/ottrrs.hl.chinamobile.com/TVOD/88888888/224/3221226019/index.m3u8$订阅源, Date: None, Resolution: None, Response Time: 2480 ms
Name: CCTV-5, URL: http://[2409:8087:1a01:df::4077]:80/ottrrs.hl.chinamobile.com/PLTV/88888888/224/3221226019/index.m3u8$订阅源, Date: None, Resolution: None, Response Time: 2480 ms
Name: CCTV-5, URL: http://[2409:8087:1a01:df::4077]:80/ottrrs.hl.chinamobile.com/PLTV/88888888/8/3221226019/index.m3u8$订阅源, Date: None, Resolution: None, Response Time: 2480 ms
Name: CCTV-5, URL: http://[2409:8087:1a01:df::4077]:80/ottrrs.hl.chinamobile.com/yinhe/88888888/224/3221226019/index.m3u8$订阅源, Date: None, Resolution: None, Response Time: 2480 ms
Name: CCTV-5+, URL: http://[2409:8087:1a01:df::4077]:80/PLTV/88888888/224/3221225507/index.m3u8$订阅源, Date: None, Resolution: None, Response Time: 2480 ms
Name: CCTV-5+, URL: http://[2409:8087:1a01:df::4077]:80/ottrrs.hl.chinamobile.com/PLTV/88888888/8/3221225603/index.m3u8$订阅源, Date: None, Resolution: None, Response Time: 2480 ms
Name: CCTV-5+, URL: http://[2409:8087:1a01:df::4077]:80/ottrrs.hl.chinamobile.com/PLTV/88888888/224/3221225603/index.m3u8$订阅源, Date: None, Resolution: None, Response Time: 2480 ms
Name: CCTV-6, URL: http://[2409:8087:1a01:df::4077]:80/ottrrs.hl.chinamobile.com/PLTV/88888888/224/3221226010/index.m3u8$订阅源, Date: None, Resolution: None, Response Time: 2480 ms
Name: CCTV-6, URL: http://[2409:8087:1a01:df::4077]:80/ottrrs.hl.chinamobile.com/TVOD/88888888/224/3221226010/index.m3u8$订阅源, Date: None, Resolution: None, Response Time: 2480 ms
Name: CCTV-6, URL: http://[2409:8087:1a01:df::4077]:80/ottrrs.hl.chinamobile.com/PLTV/88888888/8/3221226010/index.m3u8$订阅源, Date: None, Resolution: None, Response Time: 2480 ms
Name: CCTV-6, URL: http://[2409:8087:1a01:df::4077]:80/ottrrs.hl.chinamobile.com/PLTV/88888888/224/3221226010/1.m3u8$订阅源, Date: None, Resolution: None, Response Time: 2480 ms
Name: CCTV-7, URL: http://[2409:8087:1a01:df::4077]:80/ottrrs.hl.chinamobile.com/PLTV/88888888/224/3221225733/index.m3u8$订阅源, Date: None, Resolution: None, Response Time: 2480 ms
Name: CCTV-7, URL: http://[2409:8087:1a01:df::4077]:80/ottrrs.hl.chinamobile.com/PLTV/88888888/8/3221225733/index.m3u8$订阅源, Date: None, Resolution: None, Response Time: 2480 ms
Name: CCTV-7, URL: http://[2409:8087:1a01:df::4077]:80/ottrrs.hl.chinamobile.com/PLTV/88888888/224/3221225733/1.m3u8$订阅源, Date: None, Resolution: None, Response Time: 2480 ms
Name: CCTV-7, URL: http://[2409:8087:1a01:df::4077]:80/ottrrs.hl.chinamobile.com/yinhe/88888888/224/3221225733/index.m3u8$订阅源, Date: None, Resolution: None, Response Time: 2480 ms
Name: CCTV-8, URL: http://[2409:8087:1a01:df::4077]:80/ottrrs.hl.chinamobile.com/TVOD/88888888/224/3221226008/index.m3u8$订阅源, Date: None, Resolution: None, Response Time: 2480 ms
Name: CCTV-8, URL: http://[2409:8087:1a01:df::4077]:80/ottrrs.hl.chinamobile.com/PLTV/88888888/224/3221226008/index.m3u8$订阅源, Date: None, Resolution: None, Response Time: 2480 ms
Name: CCTV-8, URL: http://[2409:8087:1a01:df::4077]:80/ottrrs.hl.chinamobile.com/PLTV/88888888/8/3221226008/index.m3u8$订阅源, Date: None, Resolution: None, Response Time: 2480 ms
Name: CCTV-8, URL: http://[2409:8087:1a01:df::4077]:80/ottrrs.hl.chinamobile.com/yinhe/88888888/224/3221226008/index.m3u8$订阅源, Date: None, Resolution: None, Response Time: 2480 ms
Name: CCTV-9, URL: http://[2409:8087:1a01:df::4077]:80/ottrrs.hl.chinamobile.com/PLTV/88888888/224/3221225734/index.m3u8$订阅源, Date: None, Resolution: None, Response Time: 2480 ms
Name: CCTV-9, URL: http://[2409:8087:1a01:df::4077]:80/ottrrs.hl.chinamobile.com/TVOD/88888888/224/3221225734/index.m3u8$订阅源, Date: None, Resolution: None, Response Time: 2480 ms
Name: CCTV-9, URL: http://[2409:8087:1a01:df::4077]:80/ottrrs.hl.chinamobile.com/yinhe/88888888/224/3221225734/index.m3u8$订阅源, Date: None, Resolution: None, Response Time: 2480 ms
Name: CCTV-9, URL: http://[2409:8087:1a01:df::4077]:80/ottrrs.hl.chinamobile.com/PLTV/88888888/8/3221225734/index.m3u8$订阅源, Date: None, Resolution: None, Response Time: 2480 ms
Name: CCTV-10, URL: http://[2409:8087:1a01:df::4077]:80/ottrrs.hl.chinamobile.com/PLTV/88888888/224/3221225730/index.m3u8$订阅源, Date: None, Resolution: None, Response Time: 2480 ms
Name: CCTV-10, URL: http://[2409:8087:1a01:df::4077]:80/PLTV/88888888/224/3221225677/index.m3u8$订阅源, Date: None, Resolution: None, Response Time: 2480 ms
Name: CCTV-10, URL: http://[2409:8087:1a01:df::4077]:80/ottrrs.hl.chinamobile.com/PLTV/88888888/8/3221225730/index.m3u8$订阅源, Date: None, Resolution: None, Response Time: 2480 ms
Name: CCTV-10, URL: http://[2409:8087:1a01:df::4077]:80/ottrrs.hl.chinamobile.com/yinhe/88888888/224/3221225730/index.m3u8$订阅源, Date: None, Resolution: None, Response Time: 2480 ms
Name: CCTV-10, URL: http://[2409:8087:1a01:df::4077]:80/ottrrs.hl.chinamobile.com/PLTV/88888888/224/3221225730/1.m3u8$订阅源, Date: None, Resolution: None, Response Time: 2480 ms
Name: CCTV-11, URL: http://[2409:8087:1a01:df::4077]:80/ottrrs.hl.chinamobile.com/PLTV/88888888/224/3221225597/index.m3u8$订阅源, Date: None, Resolution: None, Response Time: 2480 ms
Name: CCTV-11, URL: http://[2409:8087:1a01:df::4077]:80/ottrrs.hl.chinamobile.com/PLTV/88888888/8/3221225597/index.m3u8$订阅源, Date: None, Resolution: None, Response Time: 2480 ms
Name: CCTV-12, URL: http://[2409:8087:1a01:df::4077]:80/ottrrs.hl.chinamobile.com/PLTV/88888888/224/3221225731/index.m3u8$订阅源, Date: None, Resolution: None, Response Time: 2480 ms
Name: CCTV-12, URL: http://[2409:8087:1a01:df::4077]:80/ottrrs.hl.chinamobile.com/TVOD/88888888/224/3221225731/index.m3u8$订阅源, Date: None, Resolution: None, Response Time: 2480 ms
Name: CCTV-12, URL: http://[2409:8087:1a01:df::4077]:80/ottrrs.hl.chinamobile.com/PLTV/88888888/8/3221225731/index.m3u8$订阅源, Date: None, Resolution: None, Response Time: 2480 ms
Name: CCTV-13, URL: http://[2409:8087:1a01:df::4077]:80/ottrrs.hl.chinamobile.com/PLTV/88888888/224/3221226011/index.m3u8$订阅源, Date: None, Resolution: None, Response Time: 2480 ms
Name: CCTV-13, URL: http://[2409:8087:1a01:df::4077]:80/ottrrs.hl.chinamobile.com/yinhe/88888888/224/3221226011/index.m3u8$订阅源, Date: None, Resolution: None, Response Time: 2480 ms
Name: CCTV-14, URL: http://[2409:8087:1a01:df::4077]:80/ottrrs.hl.chinamobile.com/TVOD/88888888/224/3221225732/index.m3u8$订阅源, Date: None, Resolution: None, Response Time: 2480 ms
Name: CCTV-14, URL: http://[2409:8087:1a01:df::4077]:80/ottrrs.hl.chinamobile.com/PLTV/88888888/224/3221225732/index.m3u8$订阅源, Date: None, Resolution: None, Response Time: 2480 ms
Name: CCTV-14, URL: http://[2409:8087:1a01:df::4077]:80/ottrrs.hl.chinamobile.com/PLTV/88888888/8/3221225732/index.m3u8$订阅源, Date: None, Resolution: None, Response Time: 2480 ms
Name: CCTV-14, URL: http://[2409:8087:1a01:df::4077]:80/ottrrs.hl.chinamobile.com/yinhe/88888888/224/3221225732/index.m3u8$订阅源, Date: None, Resolution: None, Response Time: 2480 ms
Name: CCTV-15, URL: http://[2409:8087:1a01:df::4077]:80/ottrrs.hl.chinamobile.com/PLTV/88888888/224/3221225601/index.m3u8$订阅源, Date: None, Resolution: None, Response Time: 2480 ms
Name: CCTV-15, URL: http://[2409:8087:1a01:df::4077]:80/ottrrs.hl.chinamobile.com/PLTV/88888888/8/3221225601/index.m3u8$订阅源, Date: None, Resolution: None, Response Time: 2480 ms
Name: CCTV-15, URL: http://[2409:8087:1a01:df::4077]:80/ottrrs.hl.chinamobile.com/yinhe/88888888/224/3221225601/index.m3u8$订阅源, Date: None, Resolution: None, Response Time: 2480 ms
Name: CCTV-16, URL: http://[2409:8087:1a01:df::4077]:80/ottrrs.hl.chinamobile.com/PLTV/88888888/224/3221226100/index.m3u8$订阅源, Date: None, Resolution: None, Response Time: 2480 ms
Name: CCTV-16, URL: http://[2409:8087:1a01:df::4077]:80/PLTV/88888888/224/3221225893/index.m3u8$订阅源, Date: None, Resolution: None, Response Time: 2480 ms
Name: CCTV-16, URL: http://[2409:8087:1a01:df::4077]:80/ottrrs.hl.chinamobile.com/yinhe/88888888/224/3221226100/index.m3u8$订阅源, Date: None, Resolution: None, Response Time: 2480 ms
Name: CCTV-16, URL: http://[2409:8087:1a01:df::4077]:80/ottrrs.hl.chinamobile.com/PLTV/88888888/8/3221226100/index.m3u8$订阅源, Date: None, Resolution: None, Response Time: 2480 ms
Name: CCTV-17, URL: http://[2409:8087:1a01:df::4077]:80/ottrrs.hl.chinamobile.com/PLTV/88888888/224/3221225765/index.m3u8$订阅源, Date: None, Resolution: None, Response Time: 2480 ms
Name: CCTV-17, URL: http://[2409:8087:1a01:df::4077]:80/ottrrs.hl.chinamobile.com/PLTV/88888888/8/3221225765/index.m3u8$订阅源, Date: None, Resolution: None, Response Time: 2480 ms
Name: CCTV-17, URL: http://[2409:8087:1a01:df::4077]:80/ottrrs.hl.chinamobile.com/PLTV/88888888/8/3221225765/index.m3u8CCTV1$订阅源, Date: None, Resolution: None, Response Time: 2480 ms
Name: CCTV-17, URL: http://[2409:8087:1a01:df::4077]:80/ottrrs.hl.chinamobile.com/PLTV/88888888/224/3221225765/1.m3u8$订阅源, Date: None, Resolution: None, Response Time: 2480 ms
Name: CETV1, URL: http://[2409:8087:3c02:0021:0000:0001:0000:100a]:6410/shandong_cabletv.live.zte.com////CHANNEL00000076/index.m3u8?IASHttpSessionId=$订阅源, Date: None, Resolution: None, Response Time: 5237 ms
Name: CETV2, URL: http://[2409:8087:3c02:0021:0000:0001:0000:100a]:6410/shandong_cabletv.live.zte.com////CHANNEL00000077/index.m3u8?IASHttpSessionId=$订阅源, Date: None, Resolution: None, Response Time: 5237 ms
Name: CETV4, URL: http://[2409:8087:3c02:0021:0000:0001:0000:100a]:6410/shandong_cabletv.live.zte.com////CHANNEL00000666/index.m3u8?IASHttpSessionId=$订阅源, Date: None, Resolution: None, Response Time: 5237 ms
Name: 央视台球, URL: http://[2409:8087:2001:20:2800:0:df6e:eb22]/ott.mobaibox.com/PLTV/1/224/3221228683/index.m3u8$订阅源, Date: None, Resolution: None, Response Time: 5235 ms
Name: 央视台球, URL: http://[2409:8087:2001:20:2800:0:df6e:eb24]/ott.mobaibox.com/PLTV/1/224/3221228683/index.m3u8$订阅源, Date: None, Resolution: None, Response Time: 5235 ms
Name: 央视台球, URL: http://[2409:8087:2001:20:2800:0:df6e:eb25]/ott.mobaibox.com/PLTV/1/224/3221228683/index.m3u8$订阅源, Date: None, Resolution: None, Response Time: 5235 ms
Name: 央视台球, URL: http://[2409:8087:7001:20:2::3]:80/dbiptv.sn.chinamobile.com/PLTV/88888893/224/3221226956/index.m3u8$订阅源, Date: None, Resolution: None, Response Time: 5226 ms
Name: 风云足球, URL: http://[2409:8087:4c0a:22:1::11]:6410/170000001115/UmaiCHAN638077160c04a/1.m3u8?m3u8_level=2$订阅源, Date: None, Resolution: None, Response Time: 5203 ms
Name: 世界地理, URL: http://[2409:8087:7001:20:2::3]:80/dbiptv.sn.chinamobile.com/PLTV/88888893/224/3221226947/index.m3u8$订阅源, Date: None, Resolution: None, Response Time: 5226 ms
Name: 广东卫视, URL: http://[2409:8087:1a01:df::4077]:80/ottrrs.hl.chinamobile.com/PLTV/88888888/224/3221226248/index.m3u8$订阅源, Date: None, Resolution: None, Response Time: 2480 ms
Name: 广东卫视, URL: http://[2409:8087:1a01:df::4077]:80/ottrrs.hl.chinamobile.com/PLTV/88888888/8/3221226248/index.m3u8$订阅源, Date: None, Resolution: None, Response Time: 2480 ms
Name: 广东卫视, URL: http://[2409:8087:1a01:df::4077]:80/ottrrs.hl.chinamobile.com/PLTV/88888888/224/3221226248/1.m3u8$订阅源, Date: None, Resolution: None, Response Time: 2480 ms
Name: 广东卫视, URL: http://[2409:8087:1a01:df::4077]:80/ottrrs.hl.chinamobile.com/yinhe/88888888/224/3221226248/index.m3u8$订阅源, Date: None, Resolution: None, Response Time: 2480 ms
Name: 浙江卫视, URL: http://[2409:8087:1a01:df::4077]:80/ottrrs.hl.chinamobile.com/PLTV/88888888/224/3221226339/index.m3u8$订阅源, Date: None, Resolution: None, Response Time: 2480 ms
Name: 浙江卫视, URL: http://[2409:8087:1a01:df::4077]:80/ottrrs.hl.chinamobile.com/PLTV/88888888/8/3221226339/index.m3u8$订阅源, Date: None, Resolution: None, Response Time: 2480 ms
Name: 浙江卫视, URL: http://[2409:8087:1a01:df::4077]:80/ottrrs.hl.chinamobile.com/PLTV/88888888/8/3221226342/index.m3u8$订阅源, Date: None, Resolution: None, Response Time: 2480 ms
Name: 湖南卫视, URL: http://[2409:8087:1a01:df::7005]/ottrrs.hl.chinamobile.com/PLTV/88888888/224/3221226307/index.m3u8?$订阅源, Date: None, Resolution: None, Response Time: 5724 ms
Name: 湖南卫视, URL: http://[2409:8087:1a01:df::7005]/ottrrs.hl.chinamobile.com/PLTV/88888888/224/3221226307/index.m3u8$订阅源, Date: None, Resolution: None, Response Time: 5724 ms
Name: 湖南卫视, URL: http://[2409:8087:1a01:df::7005]/ottrrs.hl.chinamobile.com/PLTV/2/224/3221225610/2.m3u8$订阅源, Date: None, Resolution: None, Response Time: 5724 ms
Name: 湖南卫视, URL: http://[2409:8087:1a01:df::7005]/ottrrs.hl.chinamobile.com/PLTV/88888888/224/3221225610/index.m3u8$订阅源, Date: None, Resolution: None, Response Time: 5724 ms
Name: 湖南卫视, URL: http://[2409:8087:1a01:df::7005]/ottrrs.hl.chinamobile.com/yinhe/88888888/224/3221226307/index.m3u8$订阅源, Date: None, Resolution: None, Response Time: 5724 ms
Name: 湖南卫视, URL: http://[2409:8087:1a01:df::7005]/ottrrs.hl.chinamobile.com/TVOD/88888888/224/3221226307/index.m3u8$订阅源, Date: None, Resolution: None, Response Time: 5724 ms
Name: 湖南卫视, URL: http://[2409:8087:1a0a:df::404b]/ottrrs.hl.chinamobile.com/TVOD/88888888/224/3221225610/index.m3u8$订阅源, Date: None, Resolution: None, Response Time: 5724 ms
Name: 北京卫视, URL: http://[2409:8087:1a01:df::4077]:80/ottrrs.hl.chinamobile.com/PLTV/88888888/224/3221226450/index.m3u8$订阅源, Date: None, Resolution: None, Response Time: 2480 ms
Name: 北京卫视, URL: http://[2409:8087:1a01:df::4077]:80/ottrrs.hl.chinamobile.com/PLTV/88888888/224/3221226450/1.m3u8$订阅源, Date: None, Resolution: None, Response Time: 2480 ms
Name: 北京卫视, URL: http://[2409:8087:1a01:df::4077]:80/ottrrs.hl.chinamobile.com/PLTV/88888888/8/3221226450/index.m3u8$订阅源, Date: None, Resolution: None, Response Time: 2480 ms
Name: 北京卫视, URL: http://[2409:8087:1a01:df::4077]:80/ottrrs.hl.chinamobile.com/yinhe/88888888/224/3221226450/index.m3u8$订阅源, Date: None, Resolution: None, Response Time: 2480 ms
Name: 湖北卫视, URL: http://[2409:8087:1a01:df::4077]:80/ottrrs.hl.chinamobile.com/PLTV/88888888/8/3221226501/index.m3u8$订阅源, Date: None, Resolution: None, Response Time: 2480 ms
Name: 湖北卫视, URL: http://[2409:8087:1a01:df::4077]:80/ottrrs.hl.chinamobile.com/PLTV/88888888/224/3221226477/index.m3u8$订阅源, Date: None, Resolution: None, Response Time: 2480 ms
Name: 湖北卫视, URL: http://[2409:8087:1a01:df::4077]:80/ottrrs.hl.chinamobile.com/PLTV/88888888/8/3221226477/index.m3u8$订阅源, Date: None, Resolution: None, Response Time: 2480 ms
Name: 黑龙江卫视, URL: http://[2409:8087:1a01:df::4077]:80/ottrrs.hl.chinamobile.com/PLTV/88888888/224/3221226327/index.m3u8$订阅源, Date: None, Resolution: None, Response Time: 2480 ms
Name: 黑龙江卫视, URL: http://[2409:8087:1a01:df::4077]:80/ottrrs.hl.chinamobile.com/yinhe/88888888/8/3221226327/index.m3u8$订阅源, Date: None, Resolution: None, Response Time: 2480 ms
Name: 黑龙江卫视, URL: http://[2409:8087:1a01:df::4077]:80/ottrrs.hl.chinamobile.com/PLTV/88888888/8/3221226327/index.m3u8$订阅源, Date: None, Resolution: None, Response Time: 2480 ms
Name: 安徽卫视, URL: http://[2409:8087:1a01:df::4077]:80/ottrrs.hl.chinamobile.com/PLTV/88888888/224/3221226391/index.m3u8$订阅源, Date: None, Resolution: None, Response Time: 2480 ms
Name: 安徽卫视, URL: http://[2409:8087:1a01:df::4077]:80/ottrrs.hl.chinamobile.com/PLTV/88888888/224/3221226391/1.m3u8$订阅源, Date: None, Resolution: None, Response Time: 2480 ms
Name: 安徽卫视, URL: http://[2409:8087:1a01:df::4077]:80/ottrrs.hl.chinamobile.com/PLTV/88888888/8/3221226391/index.m3u8$订阅源, Date: None, Resolution: None, Response Time: 2480 ms
Name: 安徽卫视, URL: http://[2409:8087:1a01:df::4077]:80/ottrrs.hl.chinamobile.com/PLTV/88888888/8/3221226498/index.m3u8$订阅源, Date: None, Resolution: None, Response Time: 2480 ms
Name: 重庆卫视, URL: http://[2409:8087:1a01:df::4077]:80/ottrrs.hl.chinamobile.com/PLTV/88888888/224/3221226409/index.m3u8$订阅源, Date: None, Resolution: None, Response Time: 2480 ms
Name: 重庆卫视, URL: http://[2409:8087:1a01:df::4077]:80/ottrrs.hl.chinamobile.com/yinhe/88888888/224/3221226409/index.m3u8$订阅源, Date: None, Resolution: None, Response Time: 2480 ms
Name: 重庆卫视, URL: http://[2409:8087:1a01:df::4077]:80/ottrrs.hl.chinamobile.com/PLTV/88888888/8/3221226409/index.m3u8$订阅源, Date: None, Resolution: None, Response Time: 2480 ms
Name: 东方卫视, URL: http://[2409:8087:1a01:df::4077]:80/ottrrs.hl.chinamobile.com/PLTV/88888888/224/3221226345/index.m3u8$订阅源, Date: None, Resolution: None, Response Time: 2480 ms
Name: 东方卫视, URL: http://[2409:8087:1a01:df::4077]:80/ottrrs.hl.chinamobile.com/yinhe/88888888/224/3221226345/index.m3u8$订阅源, Date: None, Resolution: None, Response Time: 2480 ms
Name: 东方卫视, URL: http://[2409:8087:1a01:df::4077]:80/ottrrs.hl.chinamobile.com/PLTV/88888888/8/3221226345/index.m3u8$订阅源, Date: None, Resolution: None, Response Time: 2480 ms
Name: 东南卫视, URL: http://[2409:8087:1a01:df::4077]:80/ottrrs.hl.chinamobile.com/PLTV/88888888/224/3221226341/index.m3u8$订阅源, Date: None, Resolution: None, Response Time: 2480 ms
Name: 东南卫视, URL: http://[2409:8087:1a01:df::4077]:80/ottrrs.hl.chinamobile.com/PLTV/88888888/8/3221226341/index.m3u8$订阅源, Date: None, Resolution: None, Response Time: 2480 ms
Name: 东南卫视, URL: http://[2409:8087:1a01:df::4077]:80/ottrrs.hl.chinamobile.com/yinhe/88888888/224/3221226341/index.m3u8$订阅源, Date: None, Resolution: None, Response Time: 2480 ms
Name: 甘肃卫视, URL: http://[2409:8087:1a01:df::7005]/ottrrs.hl.chinamobile.com/PLTV/2/224/3221225633/2.m3u8$订阅源, Date: None, Resolution: None, Response Time: 5724 ms
Name: 甘肃卫视, URL: http://[2409:8087:1a09:df::401d]/ottrrs.hl.chinamobile.com/PLTV/88888888/224/3221225633/1.m3u8?icpid=88888888&from=5&hms_devid=980&online=1720054946&vqe=3$订阅源, Date: None, Resolution: None, Response Time: 5724 ms
Name: 广西卫视, URL: http://[2409:8087:1a01:df::7005]/ottrrs.hl.chinamobile.com/PLTV/88888888/224/3221226549/index.m3u8?$订阅源, Date: None, Resolution: None, Response Time: 5724 ms
Name: 广西卫视, URL: http://[2409:8087:1a01:df::7005]/ottrrs.hl.chinamobile.com/yinhe/88888888/224/3221226549/index.m3u8$订阅源, Date: None, Resolution: None, Response Time: 5724 ms
Name: 广西卫视, URL: http://[2409:8087:1a01:df::7005]/ottrrs.hl.chinamobile.com/PLTV/2/224/3221226549/2.m3u8$订阅源, Date: None, Resolution: None, Response Time: 5724 ms
Name: 广西卫视, URL: http://[2409:8087:1a01:df::7005]/ottrrs.hl.chinamobile.com/PLTV/88888888/224/3221226549/index.m3u8$订阅源, Date: None, Resolution: None, Response Time: 5724 ms
Name: 广西卫视, URL: http://[2409:8087:1a01:df::7005]/ottrrs.hl.chinamobile.com/TVOD/88888888/224/3221226549/index.m3u8$订阅源, Date: None, Resolution: None, Response Time: 5724 ms
Name: 广西卫视, URL: http://[2409:8087:1a09:df::401d]/ottrrs.hl.chinamobile.com/PLTV/88888888/224/3221226380/1.m3u8?icpid=88888888&from=5&hms_devid=980&online=1720054946&vqe=3$订阅源, Date: None, Resolution: None, Response Time: 5724 ms
Name: 广西卫视, URL: http://[2409:8087:1a0a:df::404b]/ottrrs.hl.chinamobile.com/TVOD/88888888/224/3221226549/index.m3u8$订阅源, Date: None, Resolution: None, Response Time: 5724 ms
Name: 贵州卫视, URL: http://[2409:8087:1a01:df::4077]:80/ottrrs.hl.chinamobile.com/PLTV/88888888/224/3221226474/index.m3u8$订阅源, Date: None, Resolution: None, Response Time: 2480 ms
Name: 贵州卫视, URL: http://[2409:8087:1a01:df::4077]:80/ottrrs.hl.chinamobile.com/yinhe/88888888/224/3221226474/index.m3u8$订阅源, Date: None, Resolution: None, Response Time: 2480 ms
Name: 贵州卫视, URL: http://[2409:8087:1a01:df::4077]:80/ottrrs.hl.chinamobile.com/PLTV/88888888/224/3221226474/1.m3u8$订阅源, Date: None, Resolution: None, Response Time: 2480 ms
Name: 海南卫视, URL: http://[2409:8087:1a01:df::4077]:80/ottrrs.hl.chinamobile.com/PLTV/88888888/8/3221226465/index.m3u8$订阅源, Date: None, Resolution: None, Response Time: 2480 ms
Name: 河北卫视, URL: http://[2409:8087:1a01:df::4077]:80/ottrrs.hl.chinamobile.com/PLTV/88888888/8/3221226406/index.m3u8$订阅源, Date: None, Resolution: None, Response Time: 2480 ms
Name: 河南卫视, URL: http://[2409:8087:1a01:df::4077]:80/ottrrs.hl.chinamobile.com/PLTV/88888888/224/3221226480/index.m3u8$订阅源, Date: None, Resolution: None, Response Time: 2480 ms
Name: 河南卫视, URL: http://[2409:8087:1a01:df::4077]:80/ottrrs.hl.chinamobile.com/PLTV/88888888/8/3221226480/index.m3u8$订阅源, Date: None, Resolution: None, Response Time: 2480 ms
Name: 河南卫视, URL: http://[2409:8087:1a01:df::4077]:80/ottrrs.hl.chinamobile.com/yinhe/88888888/224/3221226480/index.m3u8$订阅源, Date: None, Resolution: None, Response Time: 2480 ms
Name: 河南卫视, URL: http://[2409:8087:1a01:df::4077]:80/ottrrs.hl.chinamobile.com/PLTV/88888888/8/3221226320/index.m3u8$订阅源, Date: None, Resolution: None, Response Time: 2480 ms
Name: 吉林卫视, URL: http://[2409:8087:1a01:df::4077]:80/ottrrs.hl.chinamobile.com/PLTV/88888888/8/3221226397/index.m3u8$订阅源, Date: None, Resolution: None, Response Time: 2480 ms
Name: 吉林卫视, URL: http://[2409:8087:1a01:df::4077]:80/ottrrs.hl.chinamobile.com/yinhe/88888888/8/3221226397/index.m3u8$订阅源, Date: None, Resolution: None, Response Time: 2480 ms
Name: 江苏卫视, URL: http://[2409:8087:1a01:df::4077]:80/ottrrs.hl.chinamobile.com/PLTV/88888888/224/3221226310/index.m3u8$订阅源, Date: None, Resolution: None, Response Time: 2480 ms
Name: 江苏卫视, URL: http://[2409:8087:1a01:df::4077]:80/ottrrs.hl.chinamobile.com/yinhe/88888888/224/3221226310/index.m3u8$订阅源, Date: None, Resolution: None, Response Time: 2480 ms
Name: 江苏卫视, URL: http://[2409:8087:1a01:df::4077]:80/ottrrs.hl.chinamobile.com/PLTV/88888888/8/3221226310/index.m3u8$订阅源, Date: None, Resolution: None, Response Time: 2480 ms
Name: 江西卫视, URL: http://[2409:8087:1a01:df::4077]:80/ottrrs.hl.chinamobile.com/PLTV/88888888/224/3221226344/index.m3u8$订阅源, Date: None, Resolution: None, Response Time: 2480 ms
Name: 江西卫视, URL: http://[2409:8087:1a01:df::4077]:80/ottrrs.hl.chinamobile.com/yinhe/88888888/224/3221226344/index.m3u8$订阅源, Date: None, Resolution: None, Response Time: 2480 ms
Name: 江西卫视, URL: http://[2409:8087:1a01:df::4077]:80/ottrrs.hl.chinamobile.com/PLTV/88888888/8/3221226344/index.m3u8$订阅源, Date: None, Resolution: None, Response Time: 2480 ms
Name: 辽宁卫视, URL: http://[2409:8087:1a01:df::7005]/ottrrs.hl.chinamobile.com/PLTV/2/224/3221226546/2.m3u8$订阅源, Date: None, Resolution: None, Response Time: 5724 ms
Name: 辽宁卫视, URL: http://[2409:8087:1a01:df::7005]/ottrrs.hl.chinamobile.com/PLTV/88888888/224/3221226546/index.m3u8$订阅源, Date: None, Resolution: None, Response Time: 5724 ms
Name: 辽宁卫视, URL: http://[2409:8087:1a01:df::7005]/ottrrs.hl.chinamobile.com/PLTV/88888888/224/3221226546/index.m3u8?$订阅源, Date: None, Resolution: None, Response Time: 5724 ms
Name: 辽宁卫视, URL: http://[2409:8087:1a01:df::4077]/ottrrs.hl.chinamobile.com/PLTV/88888888/8/3221226254/index.m3u8$订阅源, Date: None, Resolution: None, Response Time: 5724 ms
Name: 辽宁卫视, URL: http://[2409:8087:1a01:df::7005]/ottrrs.hl.chinamobile.com/TVOD/88888888/224/3221226546/index.m3u8$订阅源, Date: None, Resolution: None, Response Time: 5724 ms
Name: 辽宁卫视, URL: http://[2409:8087:1a01:df::7005]/ottrrs.hl.chinamobile.com/yinhe/88888888/224/3221226546/index.m3u8$订阅源, Date: None, Resolution: None, Response Time: 5724 ms
Name: 辽宁卫视, URL: http://[2409:8087:1a09:df::401d]/ottrrs.hl.chinamobile.com/PLTV/88888888/224/3221225619/1.m3u8?icpid=88888888&from=5&hms_devid=980&online=1720054946&vqe=3$订阅源, Date: None, Resolution: None, Response Time: 5724 ms
Name: 辽宁卫视, URL: http://[2409:8087:1a09:df::401d]/ottrrs.hl.chinamobile.com/PLTV/88888888/224/3221226254/1.m3u8?icpid=88888888&from=5&hms_devid=980&online=1720054946&vqe=3$订阅源, Date: None, Resolution: None, Response Time: 5724 ms
Name: 辽宁卫视, URL: http://[2409:8087:1a0a:df::404b]/ottrrs.hl.chinamobile.com/TVOD/88888888/224/3221226546/index.m3u8$订阅源, Date: None, Resolution: None, Response Time: 5724 ms
Name: 内蒙古卫视, URL: http://[2409:8087:1a01:df::4077]:80/ottrrs.hl.chinamobile.com/PLTV/88888888/8/3221226389/index.m3u8$订阅源, Date: None, Resolution: None, Response Time: 2480 ms
Name: 宁夏卫视, URL: http://[2409:8087:1a01:df::4077]:80/ottrrs.hl.chinamobile.com/TVOD/88888888/8/3221226454/index.m3u8$订阅源, Date: None, Resolution: None, Response Time: 2480 ms
Name: 宁夏卫视, URL: http://[2409:8087:1a01:df::4077]:80/ottrrs.hl.chinamobile.com/PLTV/88888888/8/3221226454/index.m3u8$订阅源, Date: None, Resolution: None, Response Time: 2480 ms
Name: 青海卫视, URL: http://[2409:8087:1a01:df::7005]/ottrrs.hl.chinamobile.com/PLTV/2/224/3221226323/2.m3u8$订阅源, Date: None, Resolution: None, Response Time: 5724 ms
Name: 青海卫视, URL: http://[2409:8087:1a0a:df::4038]/ottrrs.hl.chinamobile.com/TVOD/88888888/224/3221226323/index.m3u8$订阅源, Date: None, Resolution: None, Response Time: 5724 ms
Name: 青海卫视, URL: http://[2409:8087:1a09:df::401d]/ottrrs.hl.chinamobile.com/PLTV/88888888/224/3221225628/1.m3u8?icpid=88888888&from=5&hms_devid=980&online=1720054946&vqe=3$订阅源, Date: None, Resolution: None, Response Time: 5724 ms
Name: 青海卫视, URL: http://[2409:8087:1a09:df::401d]/ottrrs.hl.chinamobile.com/PLTV/88888888/224/3221226323/1.m3u8?icpid=88888888&from=5&hms_devid=980&online=1720054946&vqe=3$订阅源, Date: None, Resolution: None, Response Time: 5724 ms
Name: 青海卫视, URL: http://[2409:8087:1a0a:df::4038]/ottrrs.hl.chinamobile.com/TVOD/88888888/224/3221226323/index.m3u8•IPV6『线路26』$订阅源, Date: None, Resolution: None, Response Time: 5724 ms
Name: 青海卫视, URL: http://[2409:8087:1a0a:df::404b]/ottrrs.hl.chinamobile.com/TVOD/88888888/224/3221225628/index.m3u8$订阅源, Date: None, Resolution: None, Response Time: 5724 ms
Name: 山东卫视, URL: http://[2409:8087:1a01:df::4077]:80/ottrrs.hl.chinamobile.com/PLTV/88888888/224/3221226456/index.m3u8$订阅源, Date: None, Resolution: None, Response Time: 2480 ms
Name: 山东卫视, URL: http://[2409:8087:1a01:df::4077]:80/ottrrs.hl.chinamobile.com/PLTV/88888888/8/3221226456/index.m3u8$订阅源, Date: None, Resolution: None, Response Time: 2480 ms
Name: 山东卫视, URL: http://[2409:8087:1a01:df::4077]:80/ottrrs.hl.chinamobile.com/yinhe/88888888/224/3221226456/index.m3u8$订阅源, Date: None, Resolution: None, Response Time: 2480 ms
Name: 山西卫视, URL: http://[2409:8087:1a01:df::4077]/ottrrs.hl.chinamobile.com/PLTV/88888888/8/3221226392/index.m3u8$订阅源, Date: None, Resolution: None, Response Time: 5724 ms
Name: 山西卫视, URL: http://[2409:8087:1a01:df::7005]/ottrrs.hl.chinamobile.com/PLTV/2/224/3221225624/2.m3u8$订阅源, Date: None, Resolution: None, Response Time: 5724 ms
Name: 山西卫视, URL: http://[2409:8087:1a09:df::401d]/ottrrs.hl.chinamobile.com/PLTV/88888888/224/3221225624/1.m3u8?icpid=88888888&from=5&hms_devid=980&online=1720054946&vqe=3$订阅源, Date: None, Resolution: None, Response Time: 5724 ms
Name: 山西卫视, URL: http://[2409:8087:1a09:df::401d]/ottrrs.hl.chinamobile.com/PLTV/88888888/224/3221226392/1.m3u8?icpid=88888888&from=5&hms_devid=980&online=1720054946&vqe=3$订阅源, Date: None, Resolution: None, Response Time: 5724 ms
Name: 陕西卫视, URL: http://[2409:8087:1a01:df::7005]/ottrrs.hl.chinamobile.com/PLTV/88888888/224/3221226457/index.m3u8$订阅源, Date: None, Resolution: None, Response Time: 5724 ms
Name: 陕西卫视, URL: http://[2409:8087:1a01:df::7005]/ottrrs.hl.chinamobile.com/PLTV/2/224/3221225625/2.m3u8$订阅源, Date: None, Resolution: None, Response Time: 5724 ms
Name: 陕西卫视, URL: http://[2409:8087:1a09:df::401d]/ottrrs.hl.chinamobile.com/PLTV/88888888/224/3221225625/1.m3u8?icpid=88888888&from=5&hms_devid=980&online=1720054946&vqe=3$订阅源, Date: None, Resolution: None, Response Time: 5724 ms
Name: 陕西卫视, URL: http://[2409:8087:1a09:df::401d]/ottrrs.hl.chinamobile.com/PLTV/88888888/224/3221226457/1.m3u8?icpid=88888888&from=5&hms_devid=980&online=1720054946&vqe=3$订阅源, Date: None, Resolution: None, Response Time: 5724 ms
Name: 四川卫视, URL: http://[2409:8087:1a01:df::4077]:80/ottrrs.hl.chinamobile.com/PLTV/88888888/224/3221226338/index.m3u8$订阅源, Date: None, Resolution: None, Response Time: 2480 ms
Name: 四川卫视, URL: http://[2409:8087:1a01:df::4077]:80/ottrrs.hl.chinamobile.com/yinhe/88888888/224/3221226338/index.m3u8$订阅源, Date: None, Resolution: None, Response Time: 2480 ms
Name: 四川卫视, URL: http://[2409:8087:1a01:df::4077]:80/ottrrs.hl.chinamobile.com/PLTV/88888888/8/3221226338/index.m3u8$订阅源, Date: None, Resolution: None, Response Time: 2480 ms
Name: 深圳卫视, URL: http://[2409:8087:1a01:df::4077]:80/ottrrs.hl.chinamobile.com/PLTV/88888888/224/3221226313/index.m3u8$订阅源, Date: None, Resolution: None, Response Time: 2480 ms
Name: 深圳卫视, URL: http://[2409:8087:1a01:df::4077]:80/ottrrs.hl.chinamobile.com/yinhe/88888888/224/3221226313/index.m3u8$订阅源, Date: None, Resolution: None, Response Time: 2480 ms
Name: 深圳卫视, URL: http://[2409:8087:1a01:df::4077]:80/ottrrs.hl.chinamobile.com/PLTV/88888888/8/3221226313/index.m3u8$订阅源, Date: None, Resolution: None, Response Time: 2480 ms
Name: 三沙卫视, URL: http://[2409:8087:5e01:34::22]:6610/ZTE_CMS/08984400000000060000000000000319/index.m3u8?IAS$订阅源, Date: None, Resolution: None, Response Time: 6112 ms
Name: 三沙卫视, URL: http://[2409:8087:5e01:34::21]:6610/ZTE_CMS/08984400000000060000000000000319/index.m3u8?$订阅源, Date: None, Resolution: None, Response Time: 5253 ms
Name: 三沙卫视, URL: http://[2409:8087:1e03:21::2]:6060/cms001/ch00000090990000001185/index.m3u8$订阅源, Date: None, Resolution: None, Response Time: 5244 ms
Name: 三沙卫视, URL: http://[2409:8087:5e01:34::21]:6610/ZTE_CMS/08984400000000060000000000000319/index.m3u8?fmmv6$订阅源, Date: None, Resolution: None, Response Time: 5253 ms
Name: 三沙卫视, URL: http://[2409:8087:3428:20:500::1009]:6610/PLTV/88888888/224/3221227172/index.m3u8?servicetype=1&IASHttpSessionId=RR423820220409134714119178$订阅源, Date: None, Resolution: None, Response Time: 5248 ms
Name: 三沙卫视, URL: http://[2409:8087:5e01:34::21]:6610/ZTE_CMS/08984400000000060000000000000319/index.m3u8?IAS$订阅源, Date: None, Resolution: None, Response Time: 5253 ms
Name: 天津卫视, URL: http://[2409:8087:1a01:df::4077]:80/ottrrs.hl.chinamobile.com/PLTV/88888888/224/3221226459/index.m3u8$订阅源, Date: None, Resolution: None, Response Time: 2480 ms
Name: 天津卫视, URL: http://[2409:8087:1a01:df::4077]:80/ottrrs.hl.chinamobile.com/yinhe/88888888/224/3221226459/index.m3u8$订阅源, Date: None, Resolution: None, Response Time: 2480 ms
Name: 天津卫视, URL: http://[2409:8087:1a01:df::4077]:80/ottrrs.hl.chinamobile.com/PLTV/88888888/8/3221226459/index.m3u8$订阅源, Date: None, Resolution: None, Response Time: 2480 ms
Name: 西藏卫视, URL: http://[2409:8087:1a0a:df::4039]/wh7f454c46tw2710545171_1093384597/ottrrs.hl.chinamobile.com/PLTV/88888888/224/3221226433/index.m3u8?icpid=88888888&RTS=1713110546&from=4&hms_devid=1212&online=1713110546&vqe=3$订阅源, Date: None, Resolution: None, Response Time: 5724 ms
Name: 西藏卫视, URL: http://[2409:8087:1a01:df::7005]/ottrrs.hl.chinamobile.com/PLTV/2/224/3221225638/2.m3u8$订阅源, Date: None, Resolution: None, Response Time: 5724 ms
Name: 西藏卫视, URL: http://[2409:8087:1a0a:df::4038]/ottrrs.hl.chinamobile.com/TVOD/88888888/224/3221226433/index.m3u8$订阅源, Date: None, Resolution: None, Response Time: 5724 ms
Name: 西藏卫视, URL: http://[2409:8087:1a09:df::401d]/ottrrs.hl.chinamobile.com/PLTV/88888888/224/3221226433/1.m3u8?icpid=88888888&from=5&hms_devid=980&online=1720054946&vqe=3$订阅源, Date: None, Resolution: None, Response Time: 5724 ms
Name: 西藏卫视, URL: http://[2409:8087:1a09:df::401d]/ottrrs.hl.chinamobile.com/PLTV/88888888/224/3221225638/1.m3u8?icpid=88888888&from=5&hms_devid=980&online=1720054946&vqe=3$订阅源, Date: None, Resolution: None, Response Time: 5724 ms
Name: 新疆卫视, URL: http://[2409:8087:1a01:df::4077]/ottrrs.hl.chinamobile.com/PLTV/88888888/8/3221226460/index.m3u8$订阅源, Date: None, Resolution: None, Response Time: 5724 ms
Name: 新疆卫视, URL: http://[2409:8087:1a01:df::7005]/ottrrs.hl.chinamobile.com/PLTV/2/224/3221225635/2.m3u8$订阅源, Date: None, Resolution: None, Response Time: 5724 ms
Name: 新疆卫视, URL: http://[2409:8087:1a0a:df::4038]/ottrrs.hl.chinamobile.com/TVOD/88888888/224/3221226460/index.m3u8$订阅源, Date: None, Resolution: None, Response Time: 5724 ms
Name: 新疆卫视, URL: http://[2409:8087:1a09:df::401d]/ottrrs.hl.chinamobile.com/PLTV/88888888/224/3221225635/1.m3u8?icpid=88888888&from=5&hms_devid=980&online=1720054946&vqe=3$订阅源, Date: None, Resolution: None, Response Time: 5724 ms
Name: 新疆卫视, URL: http://[2409:8087:1a09:df::401d]/ottrrs.hl.chinamobile.com/PLTV/88888888/224/3221226460/1.m3u8?icpid=88888888&from=5&hms_devid=980&online=1720054946&vqe=3$订阅源, Date: None, Resolution: None, Response Time: 5724 ms
Name: 新疆卫视, URL: http://[2409:8087:1a0a:df::4016]/ottrrs.hl.chinamobile.com/PLTV/88888888/224/3221225635/index.m3u8$订阅源, Date: None, Resolution: None, Response Time: 5724 ms
Name: 新疆卫视, URL: http://[2409:8087:1a0a:df::404b]/ottrrs.hl.chinamobile.com/TVOD/88888888/224/3221225635/index.m3u8$订阅源, Date: None, Resolution: None, Response Time: 5724 ms
Name: 云南卫视, URL: http://[2409:8087:1a01:df::7005]/ottrrs.hl.chinamobile.com/PLTV/2/224/3221226444/2.m3u8$订阅源, Date: None, Resolution: None, Response Time: 5724 ms
Name: 云南卫视, URL: http://[2409:8087:1a0a:df::4038]/ottrrs.hl.chinamobile.com/TVOD/88888888/224/3221226444/index.m3u8$订阅源, Date: None, Resolution: None, Response Time: 5724 ms
Name: 云南卫视, URL: http://[2409:8087:1a01:df::4077]/ottrrs.hl.chinamobile.com/PLTV/88888888/8/3221226444/index.m3u8$订阅源, Date: None, Resolution: None, Response Time: 5724 ms
Name: 云南卫视, URL: http://[2409:8087:1a09:df::401d]/ottrrs.hl.chinamobile.com/PLTV/88888888/224/3221226444/1.m3u8?icpid=88888888&from=5&hms_devid=980&online=1720054946&vqe=3$订阅源, Date: None, Resolution: None, Response Time: 5724 ms
Name: 凤凰中文, URL: http://[2409:8087:2001:20:2800:0:df6e:eb25]:80/wh7f454c46tw2443888236_158039228/ott.mobaibox.com/PLTV/3/224/3221228527/index.m3u8?icpid=3&RTS=1674369674&from=40&popid=40&hms_devid=2292&prioritypopid=40&vqe=3$订阅源, Date: None, Resolution: None, Response Time: 5208 ms
Name: 凤凰资讯, URL: http://[2409:8087:2001:20:2800:0:df6e:eb27]:80/wh7f454c46tw1890984412_1778241929/ott.mobaibox.com/PLTV/3/224/3221228524/index.m3u8?icpid=3&RTS=1674373416&from=40&popid=40&hms_devid=2293&prioritypopid=40&vqe=3$订阅源, Date: None, Resolution: None, Response Time: 5216 ms
Name: 凤凰资讯, URL: http://[2409:8087:2001:20:2800:0:df6e:eb27]:80/wh7f454c46tw1890984412_1778241929/ott.mobaibox.com/PLTV/3/224/3221228524/index.m3u8$订阅源, Date: None, Resolution: None, Response Time: 5216 ms
Name: 凤凰香港, URL: http://[2409:8087:3869:8021:1001::e5]:6610/PLTV/88888910/224/3221226251/index.m3u8$订阅源, Date: None, Resolution: None, Response Time: 5200 ms
Name: 凤凰卫视, URL: http://[2409:8087:2001:20:2800:0:df6e:eb22]:80/ott.mobaibox.com/PLTV/3/224/3221228527/1.m3u8$订阅源, Date: None, Resolution: None, Response Time: 5146 ms
Name: CHC家庭影院, URL: http://[2001:250:5800:1005::155]:80/liverespath/449d51febadb152094085d373b9af94a6ac5f1dd/index.m3u8$订阅源, Date: None, Resolution: None, Response Time: 554 ms
Name: CHC动作电影, URL: http://[2409:8087:1a01:df::7005]/ottrrs.hl.chinamobile.com/PLTV/88888888/224/3221225661/index.m3u8$订阅源, Date: None, Resolution: None, Response Time: 5724 ms
Name: NewTV惊悚悬疑, URL: http://[2409:8087:74d9:21::6]/270000001128/9900000113/index.m3u8$订阅源, Date: None, Resolution: None, Response Time: 5194 ms
Name: NewTV惊悚悬疑, URL: http://[2409:8087:1a0b:df::4002]:80/ottrrs.hl.chinamobile.com/PLTV/88888888/224/3221225665/index.m3u8$订阅源, Date: None, Resolution: None, Response Time: 5192 ms
Name: NewTV惊悚悬疑, URL: http://[2409:8087:74d9:21::6]:80/270000001128/9900000113/index.m3u8$订阅源, Date: None, Resolution: None, Response Time: 5189 ms
Name: NewTV惊悚悬疑, URL: http://[2409:8087:74d6:22::7]:6410/270000001128/9900000113/index.m3u8?channel-id=newtv&livemode=4&Contentid=9900000113$订阅源, Date: None, Resolution: None, Response Time: 5186 ms
Name: NewTV动作电影, URL: http://[2409:8087:74d9:21::6]/270000001128/9900000106/index.m3u8$订阅源, Date: None, Resolution: None, Response Time: 5194 ms
Name: 黑莓电影, URL: http://[2409:8087:3869:8021:1001::e5]:6610/PLTV/88888888/224/3221225764/2/index.m3u8$订阅源, Date: None, Resolution: None, Response Time: 5200 ms
Name: 黑莓电影, URL: http://[2409:8087:3869:8021:1001::e5]:6610/PLTV/88888888/224/3221225769/2/index.m3u8$订阅源, Date: None, Resolution: None, Response Time: 5200 ms
Name: 黑莓电影, URL: http://[2409:8087:2001:20:2800:0:df6e:eb08]/ott.mobaibox.com/PLTV/3/224/3221227520/index.m3u8$订阅源, Date: None, Resolution: None, Response Time: 5235 ms
Name: 黑莓电影, URL: http://[2409:8087:74d9:21::6]:80/270000001128/9900000095/index.m3u8$订阅源, Date: None, Resolution: None, Response Time: 5189 ms
Name: 黑莓电影, URL: http://[2409:8087:1a01:df::4077]:80/ottrrs.hl.chinamobile.com/PLTV/88888888/224/3221225666/index.m3u8$订阅源, Date: None, Resolution: None, Response Time: 2480 ms
